<?xml version="1.0" encoding="UTF-8"?>
<!-- Generated by org.testng.reporters.JUnitXMLReporter -->
<testsuite ignored="1" hostname="Harshithas-MacBook-Pro.local" failures="0" tests="1" name="Selenium_Step_By_Step" time="8.114" errors="0" timestamp="2021-08-21T11:09:07 EDT">
  <testcase classname="tests.FirstTestCase" name="testAmazonHomePAge2" time="8.044"/>
  <testcase classname="tests.FirstTestCase" name="testAmazonHomePage" time="0.0">
    <ignored/>
  </testcase> <!-- testAmazonHomePage -->
</testsuite> <!-- Selenium_Step_By_Step -->
