<?xml version="1.0" encoding="UTF-8"?>
<testng-results ignored="1" total="2" passed="1" failed="0" skipped="0">
  <reporter-output>
  </reporter-output>
  <suite started-at="2021-08-21T11:08:59 EDT" name="Default Suite" finished-at="2021-08-21T11:09:07 EDT" duration-ms="8114">
    <groups>
    </groups>
    <test started-at="2021-08-21T11:08:59 EDT" name="Selenium_Step_By_Step" finished-at="2021-08-21T11:09:07 EDT" duration-ms="8114">
      <class name="tests.FirstTestCase">
        <test-method is-config="true" signature="setUp()[pri:0, instance:tests.FirstTestCase@6366ebe0]" started-at="2021-08-21T11:08:49 EDT" name="setUp" finished-at="2021-08-21T11:08:59 EDT" duration-ms="9521" status="PASS">
          <reporter-output>
          </reporter-output>
        </test-method> <!-- setUp -->
        <test-method signature="testAmazonHomePAge2()[pri:0, instance:tests.FirstTestCase@6366ebe0]" started-at="2021-08-21T11:08:59 EDT" name="testAmazonHomePAge2" finished-at="2021-08-21T11:09:07 EDT" duration-ms="8044" status="PASS">
          <reporter-output>
          </reporter-output>
        </test-method> <!-- testAmazonHomePAge2 -->
        <test-method is-config="true" signature="tearDown()[pri:0, instance:tests.FirstTestCase@6366ebe0]" started-at="2021-08-21T11:09:07 EDT" name="tearDown" finished-at="2021-08-21T11:09:08 EDT" duration-ms="336" status="PASS">
          <reporter-output>
          </reporter-output>
        </test-method> <!-- tearDown -->
      </class> <!-- tests.FirstTestCase -->
    </test> <!-- Selenium_Step_By_Step -->
  </suite> <!-- Default Suite -->
</testng-results>
